# JRE version: OpenJDK Runtime Environment (8.0_152-b01) (build 1.8.0_152-release-1343-b01)
# Java VM: OpenJDK 64-Bit Server VM (25.152-b01 mixed mode windows-amd64 compressed oops)
Heap:
 PSYoungGen      total 105472K, used 31023K [0x00000000e0000000, 0x00000000e8080000, 0x0000000100000000)
  eden space 93184K, 20% used [0x00000000e0000000,0x00000000e1252758,0x00000000e5b00000)
  from space 12288K, 99% used [0x00000000e5b00000,0x00000000e66f9628,0x00000000e6700000)
  to   space 12288K, 0% used [0x00000000e6700000,0x00000000e6700000,0x00000000e7300000)
 ParOldGen       total 173568K, used 17986K [0x00000000a0000000, 0x00000000aa980000, 0x00000000e0000000)
  object space 173568K, 10% used [0x00000000a0000000,0x00000000a1190800,0x00000000aa980000)
 Metaspace       used 44672K, capacity 45588K, committed 45912K, reserved 1089536K
  class space    used 6015K, capacity 6258K, committed 6272K, reserved 1048576K
GC Heap History (10 events):
Event: 5.462 GC heap before
{Heap before GC invocations=5 (full 1):
 PSYoungGen      total 76288K, used 65536K [0x00000000e0000000, 0x00000000e5500000, 0x0000000100000000)
  eden space 65536K, 100% used [0x00000000e0000000,0x00000000e4000000,0x00000000e4000000)
  from space 10752K, 0% used [0x00000000e4000000,0x00000000e4000000,0x00000000e4a80000)
  to   space 10752K, 0% used [0x00000000e4a80000,0x00000000e4a80000,0x00000000e5500000)
 ParOldGen       total 114688K, used 10785K [0x00000000a0000000, 0x00000000a7000000, 0x00000000e0000000)
  object space 114688K, 9% used [0x00000000a0000000,0x00000000a0a88418,0x00000000a7000000)
 Metaspace       used 28238K, capacity 28736K, committed 29056K, reserved 1075200K
  class space    used 3786K, capacity 3949K, committed 3968K, reserved 1048576K
Event: 5.469 GC heap after
Heap after GC invocations=5 (full 1):
 PSYoungGen      total 76288K, used 7670K [0x00000000e0000000, 0x00000000e6f00000, 0x0000000100000000)
  eden space 65536K, 0% used [0x00000000e0000000,0x00000000e0000000,0x00000000e4000000)
  from space 10752K, 71% used [0x00000000e4a80000,0x00000000e51fda68,0x00000000e5500000)
  to   space 10752K, 0% used [0x00000000e4000000,0x00000000e4000000,0x00000000e4a80000)
 ParOldGen       total 114688K, used 10793K [0x00000000a0000000, 0x00000000a7000000, 0x00000000e0000000)
  object space 114688K, 9% used [0x00000000a0000000,0x00000000a0a8a418,0x00000000a7000000)
 Metaspace       used 28238K, capacity 28736K, committed 29056K, reserved 1075200K
  class space    used 3786K, capacity 3949K, committed 3968K, reserved 1048576K
}
Event: 6.216 GC heap before
{Heap before GC invocations=6 (full 1):
 PSYoungGen      total 76288K, used 73206K [0x00000000e0000000, 0x00000000e6f00000, 0x0000000100000000)
  eden space 65536K, 100% used [0x00000000e0000000,0x00000000e4000000,0x00000000e4000000)
  from space 10752K, 71% used [0x00000000e4a80000,0x00000000e51fda68,0x00000000e5500000)
  to   space 10752K, 0% used [0x00000000e4000000,0x00000000e4000000,0x00000000e4a80000)
 ParOldGen       total 114688K, used 10793K [0x00000000a0000000, 0x00000000a7000000, 0x00000000e0000000)
  object space 114688K, 9% used [0x00000000a0000000,0x00000000a0a8a418,0x00000000a7000000)
 Metaspace       used 31648K, capacity 32130K, committed 32512K, reserved 1077248K
  class space    used 4344K, capacity 4501K, committed 4608K, reserved 1048576K
Event: 6.222 GC heap after
Heap after GC invocations=6 (full 1):
 PSYoungGen      total 76288K, used 8471K [0x00000000e0000000, 0x00000000e7300000, 0x0000000100000000)
  eden space 65536K, 0% used [0x00000000e0000000,0x00000000e0000000,0x00000000e4000000)
  from space 10752K, 78% used [0x00000000e4000000,0x00000000e4845f30,0x00000000e4a80000)
  to   space 12288K, 0% used [0x00000000e6700000,0x00000000e6700000,0x00000000e7300000)
 ParOldGen       total 114688K, used 10793K [0x00000000a0000000, 0x00000000a7000000, 0x00000000e0000000)
  object space 114688K, 9% used [0x00000000a0000000,0x00000000a0a8a418,0x00000000a7000000)
 Metaspace       used 31648K, capacity 32130K, committed 32512K, reserved 1077248K
  class space    used 4344K, capacity 4501K, committed 4608K, reserved 1048576K
}
Event: 7.348 GC heap before
{Heap before GC invocations=7 (full 1):
 PSYoungGen      total 76288K, used 67066K [0x00000000e0000000, 0x00000000e7300000, 0x0000000100000000)
  eden space 65536K, 89% used [0x00000000e0000000,0x00000000e39388e8,0x00000000e4000000)
  from space 10752K, 78% used [0x00000000e4000000,0x00000000e4845f30,0x00000000e4a80000)
  to   space 12288K, 0% used [0x00000000e6700000,0x00000000e6700000,0x00000000e7300000)
 ParOldGen       total 114688K, used 10793K [0x00000000a0000000, 0x00000000a7000000, 0x00000000e0000000)
  object space 114688K, 9% used [0x00000000a0000000,0x00000000a0a8a418,0x00000000a7000000)
 Metaspace       used 34651K, capacity 35276K, committed 35416K, reserved 1079296K
  class space    used 4773K, capacity 4948K, committed 4992K, reserved 1048576K
Event: 7.401 GC heap after
Heap after GC invocations=7 (full 1):
 PSYoungGen      total 105472K, used 9939K [0x00000000e0000000, 0x00000000e8080000, 0x0000000100000000)
  eden space 93184K, 0% used [0x00000000e0000000,0x00000000e0000000,0x00000000e5b00000)
  from space 12288K, 80% used [0x00000000e6700000,0x00000000e70b4da0,0x00000000e7300000)
  to   space 12288K, 0% used [0x00000000e5b00000,0x00000000e5b00000,0x00000000e6700000)
 ParOldGen       total 114688K, used 10793K [0x00000000a0000000, 0x00000000a7000000, 0x00000000e0000000)
  object space 114688K, 9% used [0x00000000a0000000,0x00000000a0a8a418,0x00000000a7000000)
 Metaspace       used 34651K, capacity 35276K, committed 35416K, reserved 1079296K
  class space    used 4773K, capacity 4948K, committed 4992K, reserved 1048576K
}
Event: 7.401 GC heap before
{Heap before GC invocations=8 (full 2):
 PSYoungGen      total 105472K, used 9939K [0x00000000e0000000, 0x00000000e8080000, 0x0000000100000000)
  eden space 93184K, 0% used [0x00000000e0000000,0x00000000e0000000,0x00000000e5b00000)
  from space 12288K, 80% used [0x00000000e6700000,0x00000000e70b4da0,0x00000000e7300000)
  to   space 12288K, 0% used [0x00000000e5b00000,0x00000000e5b00000,0x00000000e6700000)
 ParOldGen       total 114688K, used 10793K [0x00000000a0000000, 0x00000000a7000000, 0x00000000e0000000)
  object space 114688K, 9% used [0x00000000a0000000,0x00000000a0a8a418,0x00000000a7000000)
 Metaspace       used 34651K, capacity 35276K, committed 35416K, reserved 1079296K
  class space    used 4773K, capacity 4948K, committed 4992K, reserved 1048576K
Event: 7.480 GC heap after
Heap after GC invocations=8 (full 2):
 PSYoungGen      total 105472K, used 0K [0x00000000e0000000, 0x00000000e8080000, 0x0000000100000000)
  eden space 93184K, 0% used [0x00000000e0000000,0x00000000e0000000,0x00000000e5b00000)
  from space 12288K, 0% used [0x00000000e6700000,0x00000000e6700000,0x00000000e7300000)
  to   space 12288K, 0% used [0x00000000e5b00000,0x00000000e5b00000,0x00000000e6700000)
 ParOldGen       total 173568K, used 17209K [0x00000000a0000000, 0x00000000aa980000, 0x00000000e0000000)
  object space 173568K, 9% used [0x00000000a0000000,0x00000000a10ce548,0x00000000aa980000)
 Metaspace       used 34639K, capacity 35234K, committed 35416K, reserved 1079296K
  class space    used 4770K, capacity 4941K, committed 4992K, reserved 1048576K
}
Event: 9.025 GC heap before
{Heap before GC invocations=9 (full 2):
 PSYoungGen      total 105472K, used 93184K [0x00000000e0000000, 0x00000000e8080000, 0x0000000100000000)
  eden space 93184K, 100% used [0x00000000e0000000,0x00000000e5b00000,0x00000000e5b00000)
  from space 12288K, 0% used [0x00000000e6700000,0x00000000e6700000,0x00000000e7300000)
  to   space 12288K, 0% used [0x00000000e5b00000,0x00000000e5b00000,0x00000000e6700000)
 ParOldGen       total 173568K, used 17209K [0x00000000a0000000, 0x00000000aa980000, 0x00000000e0000000)
  object space 173568K, 9% used [0x00000000a0000000,0x00000000a10ce548,0x00000000aa980000)
 Metaspace       used 44079K, capacity 44894K, committed 45144K, reserved 1087488K
  class space    used 5918K, capacity 6155K, committed 6272K, reserved 1048576K
Event: 9.038 GC heap after
Heap after GC invocations=9 (full 2):
 PSYoungGen      total 105472K, used 12261K [0x00000000e0000000, 0x00000000e8080000, 0x0000000100000000)
  eden space 93184K, 0% used [0x00000000e0000000,0x00000000e0000000,0x00000000e5b00000)
  from space 12288K, 99% used [0x00000000e5b00000,0x00000000e66f9628,0x00000000e6700000)
  to   space 12288K, 0% used [0x00000000e6700000,0x00000000e6700000,0x00000000e7300000)
 ParOldGen       total 173568K, used 17986K [0x00000000a0000000, 0x00000000aa980000, 0x00000000e0000000)
  object space 173568K, 10% used [0x00000000a0000000,0x00000000a1190800,0x00000000aa980000)
 Metaspace       used 44079K, capacity 44894K, committed 45144K, reserved 1087488K
  class space    used 5918K, capacity 6155K, committed 6272K, reserved 1048576K
}

