# JRE version: OpenJDK Runtime Environment (8.0_152-b01) (build 1.8.0_152-release-1343-b01)
# Java VM: OpenJDK 64-Bit Server VM (25.152-b01 mixed mode windows-amd64 compressed oops)
Heap:
 PSYoungGen      total 441344K, used 96253K [0x00000000e0000000, 0x00000000ffe00000, 0x0000000100000000)
  eden space 371200K, 23% used [0x00000000e0000000,0x00000000e5414ec8,0x00000000f6a80000)
  from space 70144K, 14% used [0x00000000f6a80000,0x00000000f746a8c0,0x00000000faf00000)
  to   space 67072K, 0% used [0x00000000fbc80000,0x00000000fbc80000,0x00000000ffe00000)
 ParOldGen       total 883712K, used 580602K [0x00000000a0000000, 0x00000000d5f00000, 0x00000000e0000000)
  object space 883712K, 65% used [0x00000000a0000000,0x00000000c36feaf8,0x00000000d5f00000)
 Metaspace       used 235520K, capacity 251218K, committed 264128K, reserved 1280000K
  class space    used 28518K, capacity 31926K, committed 34304K, reserved 1048576K
GC Heap History (10 events):
Event: 17449.368 GC heap before
{Heap before GC invocations=302 (full 11):
 PSYoungGen      total 416768K, used 337345K [0x00000000e0000000, 0x00000000ff280000, 0x0000000100000000)
  eden space 331264K, 100% used [0x00000000e0000000,0x00000000f4380000,0x00000000f4380000)
  from space 85504K, 7% used [0x00000000f9f00000,0x00000000fa4f0690,0x00000000ff280000)
  to   space 89600K, 0% used [0x00000000f4380000,0x00000000f4380000,0x00000000f9b00000)
 ParOldGen       total 883712K, used 533496K [0x00000000a0000000, 0x00000000d5f00000, 0x00000000e0000000)
  object space 883712K, 60% used [0x00000000a0000000,0x00000000c08fe390,0x00000000d5f00000)
 Metaspace       used 235440K, capacity 251128K, committed 264128K, reserved 1280000K
  class space    used 28517K, capacity 31923K, committed 34304K, reserved 1048576K
Event: 17449.394 GC heap after
Heap after GC invocations=302 (full 11):
 PSYoungGen      total 420864K, used 12710K [0x00000000e0000000, 0x00000000ffa00000, 0x0000000100000000)
  eden space 331264K, 0% used [0x00000000e0000000,0x00000000e0000000,0x00000000f4380000)
  from space 89600K, 14% used [0x00000000f4380000,0x00000000f4fe9ac8,0x00000000f9b00000)
  to   space 84480K, 0% used [0x00000000fa780000,0x00000000fa780000,0x00000000ffa00000)
 ParOldGen       total 883712K, used 538784K [0x00000000a0000000, 0x00000000d5f00000, 0x00000000e0000000)
  object space 883712K, 60% used [0x00000000a0000000,0x00000000c0e282c8,0x00000000d5f00000)
 Metaspace       used 235440K, capacity 251128K, committed 264128K, reserved 1280000K
  class space    used 28517K, capacity 31923K, committed 34304K, reserved 1048576K
}
Event: 17450.058 GC heap before
{Heap before GC invocations=303 (full 11):
 PSYoungGen      total 420864K, used 343974K [0x00000000e0000000, 0x00000000ffa00000, 0x0000000100000000)
  eden space 331264K, 100% used [0x00000000e0000000,0x00000000f4380000,0x00000000f4380000)
  from space 89600K, 14% used [0x00000000f4380000,0x00000000f4fe9ac8,0x00000000f9b00000)
  to   space 84480K, 0% used [0x00000000fa780000,0x00000000fa780000,0x00000000ffa00000)
 ParOldGen       total 883712K, used 538784K [0x00000000a0000000, 0x00000000d5f00000, 0x00000000e0000000)
  object space 883712K, 60% used [0x00000000a0000000,0x00000000c0e282c8,0x00000000d5f00000)
 Metaspace       used 235464K, capacity 251132K, committed 264128K, reserved 1280000K
  class space    used 28517K, capacity 31923K, committed 34304K, reserved 1048576K
Event: 17450.091 GC heap after
Heap after GC invocations=303 (full 11):
 PSYoungGen      total 424448K, used 19437K [0x00000000e0000000, 0x00000000ff000000, 0x0000000100000000)
  eden space 350208K, 0% used [0x00000000e0000000,0x00000000e0000000,0x00000000f5600000)
  from space 74240K, 26% used [0x00000000fa780000,0x00000000fba7b580,0x00000000ff000000)
  to   space 78848K, 0% used [0x00000000f5600000,0x00000000f5600000,0x00000000fa300000)
 ParOldGen       total 883712K, used 545708K [0x00000000a0000000, 0x00000000d5f00000, 0x00000000e0000000)
  object space 883712K, 61% used [0x00000000a0000000,0x00000000c14eb0b0,0x00000000d5f00000)
 Metaspace       used 235464K, capacity 251132K, committed 264128K, reserved 1280000K
  class space    used 28517K, capacity 31923K, committed 34304K, reserved 1048576K
}
Event: 17450.751 GC heap before
{Heap before GC invocations=304 (full 11):
 PSYoungGen      total 424448K, used 369645K [0x00000000e0000000, 0x00000000ff000000, 0x0000000100000000)
  eden space 350208K, 100% used [0x00000000e0000000,0x00000000f5600000,0x00000000f5600000)
  from space 74240K, 26% used [0x00000000fa780000,0x00000000fba7b580,0x00000000ff000000)
  to   space 78848K, 0% used [0x00000000f5600000,0x00000000f5600000,0x00000000fa300000)
 ParOldGen       total 883712K, used 545708K [0x00000000a0000000, 0x00000000d5f00000, 0x00000000e0000000)
  object space 883712K, 61% used [0x00000000a0000000,0x00000000c14eb0b0,0x00000000d5f00000)
 Metaspace       used 235491K, capacity 251132K, committed 264128K, reserved 1280000K
  class space    used 28517K, capacity 31923K, committed 34304K, reserved 1048576K
Event: 17450.771 GC heap after
Heap after GC invocations=304 (full 11):
 PSYoungGen      total 429056K, used 14516K [0x00000000e0000000, 0x00000000ffb80000, 0x0000000100000000)
  eden space 350208K, 0% used [0x00000000e0000000,0x00000000e0000000,0x00000000f5600000)
  from space 78848K, 18% used [0x00000000f5600000,0x00000000f642d068,0x00000000fa300000)
  to   space 74240K, 0% used [0x00000000fb300000,0x00000000fb300000,0x00000000ffb80000)
 ParOldGen       total 883712K, used 556713K [0x00000000a0000000, 0x00000000d5f00000, 0x00000000e0000000)
  object space 883712K, 62% used [0x00000000a0000000,0x00000000c1faa7a8,0x00000000d5f00000)
 Metaspace       used 235491K, capacity 251132K, committed 264128K, reserved 1280000K
  class space    used 28517K, capacity 31923K, committed 34304K, reserved 1048576K
}
Event: 17451.541 GC heap before
{Heap before GC invocations=305 (full 11):
 PSYoungGen      total 429056K, used 364724K [0x00000000e0000000, 0x00000000ffb80000, 0x0000000100000000)
  eden space 350208K, 100% used [0x00000000e0000000,0x00000000f5600000,0x00000000f5600000)
  from space 78848K, 18% used [0x00000000f5600000,0x00000000f642d068,0x00000000fa300000)
  to   space 74240K, 0% used [0x00000000fb300000,0x00000000fb300000,0x00000000ffb80000)
 ParOldGen       total 883712K, used 556713K [0x00000000a0000000, 0x00000000d5f00000, 0x00000000e0000000)
  object space 883712K, 62% used [0x00000000a0000000,0x00000000c1faa7a8,0x00000000d5f00000)
 Metaspace       used 235507K, capacity 251154K, committed 264128K, reserved 1280000K
  class space    used 28518K, capacity 31926K, committed 34304K, reserved 1048576K
Event: 17451.575 GC heap after
Heap after GC invocations=305 (full 11):
 PSYoungGen      total 437248K, used 13264K [0x00000000e0000000, 0x00000000ff380000, 0x0000000100000000)
  eden space 371200K, 0% used [0x00000000e0000000,0x00000000e0000000,0x00000000f6a80000)
  from space 66048K, 20% used [0x00000000fb300000,0x00000000fbff43c0,0x00000000ff380000)
  to   space 70144K, 0% used [0x00000000f6a80000,0x00000000f6a80000,0x00000000faf00000)
 ParOldGen       total 883712K, used 568928K [0x00000000a0000000, 0x00000000d5f00000, 0x00000000e0000000)
  object space 883712K, 64% used [0x00000000a0000000,0x00000000c2b98108,0x00000000d5f00000)
 Metaspace       used 235507K, capacity 251154K, committed 264128K, reserved 1280000K
  class space    used 28518K, capacity 31926K, committed 34304K, reserved 1048576K
}
Event: 17452.483 GC heap before
{Heap before GC invocations=306 (full 11):
 PSYoungGen      total 437248K, used 384464K [0x00000000e0000000, 0x00000000ff380000, 0x0000000100000000)
  eden space 371200K, 100% used [0x00000000e0000000,0x00000000f6a80000,0x00000000f6a80000)
  from space 66048K, 20% used [0x00000000fb300000,0x00000000fbff43c0,0x00000000ff380000)
  to   space 70144K, 0% used [0x00000000f6a80000,0x00000000f6a80000,0x00000000faf00000)
 ParOldGen       total 883712K, used 568928K [0x00000000a0000000, 0x00000000d5f00000, 0x00000000e0000000)
  object space 883712K, 64% used [0x00000000a0000000,0x00000000c2b98108,0x00000000d5f00000)
 Metaspace       used 235520K, capacity 251218K, committed 264128K, reserved 1280000K
  class space    used 28518K, capacity 31926K, committed 34304K, reserved 1048576K
Event: 17452.509 GC heap after
Heap after GC invocations=306 (full 11):
 PSYoungGen      total 441344K, used 10154K [0x00000000e0000000, 0x00000000ffe00000, 0x0000000100000000)
  eden space 371200K, 0% used [0x00000000e0000000,0x00000000e0000000,0x00000000f6a80000)
  from space 70144K, 14% used [0x00000000f6a80000,0x00000000f746a8c0,0x00000000faf00000)
  to   space 67072K, 0% used [0x00000000fbc80000,0x00000000fbc80000,0x00000000ffe00000)
 ParOldGen       total 883712K, used 580602K [0x00000000a0000000, 0x00000000d5f00000, 0x00000000e0000000)
  object space 883712K, 65% used [0x00000000a0000000,0x00000000c36feaf8,0x00000000d5f00000)
 Metaspace       used 235520K, capacity 251218K, committed 264128K, reserved 1280000K
  class space    used 28518K, capacity 31926K, committed 34304K, reserved 1048576K
}

