# JRE version: OpenJDK Runtime Environment (8.0_152-b01) (build 1.8.0_152-release-1343-b01)
# Java VM: OpenJDK 64-Bit Server VM (25.152-b01 mixed mode windows-amd64 compressed oops)
Heap:
 PSYoungGen      total 430080K, used 84720K [0x00000000e0000000, 0x0000000100000000, 0x0000000100000000)
  eden space 355840K, 19% used [0x00000000e0000000,0x00000000e43678b0,0x00000000f5b80000)
  from space 74240K, 21% used [0x00000000f5b80000,0x00000000f6ad4940,0x00000000fa400000)
  to   space 71680K, 0% used [0x00000000fba00000,0x00000000fba00000,0x0000000100000000)
 ParOldGen       total 439808K, used 71750K [0x00000000a0000000, 0x00000000bad80000, 0x00000000e0000000)
  object space 439808K, 16% used [0x00000000a0000000,0x00000000a4611be0,0x00000000bad80000)
 Metaspace       used 101905K, capacity 107470K, committed 107736K, reserved 1142784K
  class space    used 12807K, capacity 13752K, committed 13784K, reserved 1048576K
GC Heap History (10 events):
Event: 932.523 GC heap before
{Heap before GC invocations=21 (full 3):
 PSYoungGen      total 342016K, used 319231K [0x00000000e0000000, 0x00000000fdd00000, 0x0000000100000000)
  eden space 276480K, 91% used [0x00000000e0000000,0x00000000ef7c2108,0x00000000f0e00000)
  from space 65536K, 99% used [0x00000000f0e00000,0x00000000f4dfdde0,0x00000000f4e00000)
  to   space 81920K, 0% used [0x00000000f8d00000,0x00000000f8d00000,0x00000000fdd00000)
 ParOldGen       total 275968K, used 183099K [0x00000000a0000000, 0x00000000b0d80000, 0x00000000e0000000)
  object space 275968K, 66% used [0x00000000a0000000,0x00000000ab2cef70,0x00000000b0d80000)
 Metaspace       used 94185K, capacity 98456K, committed 98496K, reserved 1134592K
  class space    used 12035K, capacity 12862K, committed 12888K, reserved 1048576K
Event: 932.607 GC heap after
Heap after GC invocations=21 (full 3):
 PSYoungGen      total 387072K, used 16339K [0x00000000e0000000, 0x00000000fd100000, 0x0000000100000000)
  eden space 317440K, 0% used [0x00000000e0000000,0x00000000e0000000,0x00000000f3600000)
  from space 69632K, 23% used [0x00000000f8d00000,0x00000000f9cf4c20,0x00000000fd100000)
  to   space 79360K, 0% used [0x00000000f3600000,0x00000000f3600000,0x00000000f8380000)
 ParOldGen       total 275968K, used 241471K [0x00000000a0000000, 0x00000000b0d80000, 0x00000000e0000000)
  object space 275968K, 87% used [0x00000000a0000000,0x00000000aebcff20,0x00000000b0d80000)
 Metaspace       used 94185K, capacity 98456K, committed 98496K, reserved 1134592K
  class space    used 12035K, capacity 12862K, committed 12888K, reserved 1048576K
}
Event: 932.607 GC heap before
{Heap before GC invocations=22 (full 4):
 PSYoungGen      total 387072K, used 16339K [0x00000000e0000000, 0x00000000fd100000, 0x0000000100000000)
  eden space 317440K, 0% used [0x00000000e0000000,0x00000000e0000000,0x00000000f3600000)
  from space 69632K, 23% used [0x00000000f8d00000,0x00000000f9cf4c20,0x00000000fd100000)
  to   space 79360K, 0% used [0x00000000f3600000,0x00000000f3600000,0x00000000f8380000)
 ParOldGen       total 275968K, used 241471K [0x00000000a0000000, 0x00000000b0d80000, 0x00000000e0000000)
  object space 275968K, 87% used [0x00000000a0000000,0x00000000aebcff20,0x00000000b0d80000)
 Metaspace       used 94185K, capacity 98456K, committed 98496K, reserved 1134592K
  class space    used 12035K, capacity 12862K, committed 12888K, reserved 1048576K
Event: 932.848 GC heap after
Heap after GC invocations=22 (full 4):
 PSYoungGen      total 387072K, used 0K [0x00000000e0000000, 0x00000000fd100000, 0x0000000100000000)
  eden space 317440K, 0% used [0x00000000e0000000,0x00000000e0000000,0x00000000f3600000)
  from space 69632K, 0% used [0x00000000f8d00000,0x00000000f8d00000,0x00000000fd100000)
  to   space 79360K, 0% used [0x00000000f3600000,0x00000000f3600000,0x00000000f8380000)
 ParOldGen       total 439808K, used 71726K [0x00000000a0000000, 0x00000000bad80000, 0x00000000e0000000)
  object space 439808K, 16% used [0x00000000a0000000,0x00000000a460bbe0,0x00000000bad80000)
 Metaspace       used 92818K, capacity 96816K, committed 98496K, reserved 1134592K
  class space    used 11860K, capacity 12636K, committed 12888K, reserved 1048576K
}
Event: 1544.965 GC heap before
{Heap before GC invocations=23 (full 4):
 PSYoungGen      total 387072K, used 317440K [0x00000000e0000000, 0x00000000fd100000, 0x0000000100000000)
  eden space 317440K, 100% used [0x00000000e0000000,0x00000000f3600000,0x00000000f3600000)
  from space 69632K, 0% used [0x00000000f8d00000,0x00000000f8d00000,0x00000000fd100000)
  to   space 79360K, 0% used [0x00000000f3600000,0x00000000f3600000,0x00000000f8380000)
 ParOldGen       total 439808K, used 71726K [0x00000000a0000000, 0x00000000bad80000, 0x00000000e0000000)
  object space 439808K, 16% used [0x00000000a0000000,0x00000000a460bbe0,0x00000000bad80000)
 Metaspace       used 96531K, capacity 101110K, committed 101464K, reserved 1138688K
  class space    used 12199K, capacity 13031K, committed 13144K, reserved 1048576K
Event: 1544.978 GC heap after
Heap after GC invocations=23 (full 4):
 PSYoungGen      total 396800K, used 11975K [0x00000000e0000000, 0x00000000ffa80000, 0x0000000100000000)
  eden space 317440K, 0% used [0x00000000e0000000,0x00000000e0000000,0x00000000f3600000)
  from space 79360K, 15% used [0x00000000f3600000,0x00000000f41b1e38,0x00000000f8380000)
  to   space 77312K, 0% used [0x00000000faf00000,0x00000000faf00000,0x00000000ffa80000)
 ParOldGen       total 439808K, used 71734K [0x00000000a0000000, 0x00000000bad80000, 0x00000000e0000000)
  object space 439808K, 16% used [0x00000000a0000000,0x00000000a460dbe0,0x00000000bad80000)
 Metaspace       used 96531K, capacity 101110K, committed 101464K, reserved 1138688K
  class space    used 12199K, capacity 13031K, committed 13144K, reserved 1048576K
}
Event: 1942.828 GC heap before
{Heap before GC invocations=24 (full 4):
 PSYoungGen      total 396800K, used 329415K [0x00000000e0000000, 0x00000000ffa80000, 0x0000000100000000)
  eden space 317440K, 100% used [0x00000000e0000000,0x00000000f3600000,0x00000000f3600000)
  from space 79360K, 15% used [0x00000000f3600000,0x00000000f41b1e38,0x00000000f8380000)
  to   space 77312K, 0% used [0x00000000faf00000,0x00000000faf00000,0x00000000ffa80000)
 ParOldGen       total 439808K, used 71734K [0x00000000a0000000, 0x00000000bad80000, 0x00000000e0000000)
  object space 439808K, 16% used [0x00000000a0000000,0x00000000a460dbe0,0x00000000bad80000)
 Metaspace       used 100616K, capacity 105604K, committed 105816K, reserved 1140736K
  class space    used 12691K, capacity 13593K, committed 13656K, reserved 1048576K
Event: 1942.845 GC heap after
Heap after GC invocations=24 (full 4):
 PSYoungGen      total 418816K, used 17285K [0x00000000e0000000, 0x00000000fec80000, 0x0000000100000000)
  eden space 355840K, 0% used [0x00000000e0000000,0x00000000e0000000,0x00000000f5b80000)
  from space 62976K, 27% used [0x00000000faf00000,0x00000000fbfe1588,0x00000000fec80000)
  to   space 74240K, 0% used [0x00000000f5b80000,0x00000000f5b80000,0x00000000fa400000)
 ParOldGen       total 439808K, used 71742K [0x00000000a0000000, 0x00000000bad80000, 0x00000000e0000000)
  object space 439808K, 16% used [0x00000000a0000000,0x00000000a460fbe0,0x00000000bad80000)
 Metaspace       used 100616K, capacity 105604K, committed 105816K, reserved 1140736K
  class space    used 12691K, capacity 13593K, committed 13656K, reserved 1048576K
}
Event: 2731.082 GC heap before
{Heap before GC invocations=25 (full 4):
 PSYoungGen      total 418816K, used 373125K [0x00000000e0000000, 0x00000000fec80000, 0x0000000100000000)
  eden space 355840K, 100% used [0x00000000e0000000,0x00000000f5b80000,0x00000000f5b80000)
  from space 62976K, 27% used [0x00000000faf00000,0x00000000fbfe1588,0x00000000fec80000)
  to   space 74240K, 0% used [0x00000000f5b80000,0x00000000f5b80000,0x00000000fa400000)
 ParOldGen       total 439808K, used 71742K [0x00000000a0000000, 0x00000000bad80000, 0x00000000e0000000)
  object space 439808K, 16% used [0x00000000a0000000,0x00000000a460fbe0,0x00000000bad80000)
 Metaspace       used 101650K, capacity 107122K, committed 107224K, reserved 1142784K
  class space    used 12780K, capacity 13726K, committed 13784K, reserved 1048576K
Event: 2731.100 GC heap after
Heap after GC invocations=25 (full 4):
 PSYoungGen      total 430080K, used 15698K [0x00000000e0000000, 0x0000000100000000, 0x0000000100000000)
  eden space 355840K, 0% used [0x00000000e0000000,0x00000000e0000000,0x00000000f5b80000)
  from space 74240K, 21% used [0x00000000f5b80000,0x00000000f6ad4940,0x00000000fa400000)
  to   space 71680K, 0% used [0x00000000fba00000,0x00000000fba00000,0x0000000100000000)
 ParOldGen       total 439808K, used 71750K [0x00000000a0000000, 0x00000000bad80000, 0x00000000e0000000)
  object space 439808K, 16% used [0x00000000a0000000,0x00000000a4611be0,0x00000000bad80000)
 Metaspace       used 101650K, capacity 107122K, committed 107224K, reserved 1142784K
  class space    used 12780K, capacity 13726K, committed 13784K, reserved 1048576K
}

