# JRE version: OpenJDK Runtime Environment (8.0_152-b01) (build 1.8.0_152-release-1343-b01)
# Java VM: OpenJDK 64-Bit Server VM (25.152-b01 mixed mode windows-amd64 compressed oops)
Heap:
 PSYoungGen      total 220160K, used 74225K [0x00000000e0000000, 0x00000000f1400000, 0x0000000100000000)
  eden space 190976K, 27% used [0x00000000e0000000,0x00000000e32c7f30,0x00000000eba80000)
  from space 29184K, 76% used [0x00000000eda80000,0x00000000ef034768,0x00000000ef700000)
  to   space 32768K, 0% used [0x00000000eba80000,0x00000000eba80000,0x00000000eda80000)
 ParOldGen       total 292864K, used 64039K [0x00000000a0000000, 0x00000000b1e00000, 0x00000000e0000000)
  object space 292864K, 21% used [0x00000000a0000000,0x00000000a3e89ca8,0x00000000b1e00000)
 Metaspace       used 86802K, capacity 90698K, committed 90840K, reserved 1128448K
  class space    used 11438K, capacity 12258K, committed 12288K, reserved 1048576K
GC Heap History (10 events):
Event: 18.385 GC heap before
{Heap before GC invocations=17 (full 3):
 PSYoungGen      total 185344K, used 185335K [0x00000000e0000000, 0x00000000ef700000, 0x0000000100000000)
  eden space 159232K, 100% used [0x00000000e0000000,0x00000000e9b80000,0x00000000e9b80000)
  from space 26112K, 99% used [0x00000000e9b80000,0x00000000eb4fddf0,0x00000000eb500000)
  to   space 29184K, 0% used [0x00000000eda80000,0x00000000eda80000,0x00000000ef700000)
 ParOldGen       total 292864K, used 42519K [0x00000000a0000000, 0x00000000b1e00000, 0x00000000e0000000)
  object space 292864K, 14% used [0x00000000a0000000,0x00000000a2985e28,0x00000000b1e00000)
 Metaspace       used 69883K, capacity 72670K, committed 72792K, reserved 1112064K
  class space    used 9371K, capacity 10055K, committed 10112K, reserved 1048576K
Event: 18.427 GC heap after
Heap after GC invocations=17 (full 3):
 PSYoungGen      total 220160K, used 28132K [0x00000000e0000000, 0x00000000f1400000, 0x0000000100000000)
  eden space 190976K, 0% used [0x00000000e0000000,0x00000000e0000000,0x00000000eba80000)
  from space 29184K, 96% used [0x00000000eda80000,0x00000000ef5f9200,0x00000000ef700000)
  to   space 32768K, 0% used [0x00000000eba80000,0x00000000eba80000,0x00000000eda80000)
 ParOldGen       total 292864K, used 42527K [0x00000000a0000000, 0x00000000b1e00000, 0x00000000e0000000)
  object space 292864K, 14% used [0x00000000a0000000,0x00000000a2987e28,0x00000000b1e00000)
 Metaspace       used 69883K, capacity 72670K, committed 72792K, reserved 1112064K
  class space    used 9371K, capacity 10055K, committed 10112K, reserved 1048576K
}
Event: 18.677 GC heap before
{Heap before GC invocations=18 (full 3):
 PSYoungGen      total 220160K, used 219108K [0x00000000e0000000, 0x00000000f1400000, 0x0000000100000000)
  eden space 190976K, 100% used [0x00000000e0000000,0x00000000eba80000,0x00000000eba80000)
  from space 29184K, 96% used [0x00000000eda80000,0x00000000ef5f9200,0x00000000ef700000)
  to   space 32768K, 0% used [0x00000000eba80000,0x00000000eba80000,0x00000000eda80000)
 ParOldGen       total 292864K, used 42527K [0x00000000a0000000, 0x00000000b1e00000, 0x00000000e0000000)
  object space 292864K, 14% used [0x00000000a0000000,0x00000000a2987e28,0x00000000b1e00000)
 Metaspace       used 69938K, capacity 72744K, committed 73048K, reserved 1112064K
  class space    used 9372K, capacity 10056K, committed 10112K, reserved 1048576K
Event: 18.713 GC heap after
Heap after GC invocations=18 (full 3):
 PSYoungGen      total 223744K, used 29929K [0x00000000e0000000, 0x00000000f1400000, 0x0000000100000000)
  eden space 190976K, 0% used [0x00000000e0000000,0x00000000e0000000,0x00000000eba80000)
  from space 32768K, 91% used [0x00000000eba80000,0x00000000ed7ba578,0x00000000eda80000)
  to   space 29184K, 0% used [0x00000000eda80000,0x00000000eda80000,0x00000000ef700000)
 ParOldGen       total 292864K, used 42535K [0x00000000a0000000, 0x00000000b1e00000, 0x00000000e0000000)
  object space 292864K, 14% used [0x00000000a0000000,0x00000000a2989e28,0x00000000b1e00000)
 Metaspace       used 69938K, capacity 72744K, committed 73048K, reserved 1112064K
  class space    used 9372K, capacity 10056K, committed 10112K, reserved 1048576K
}
Event: 19.094 GC heap before
{Heap before GC invocations=19 (full 3):
 PSYoungGen      total 223744K, used 220905K [0x00000000e0000000, 0x00000000f1400000, 0x0000000100000000)
  eden space 190976K, 100% used [0x00000000e0000000,0x00000000eba80000,0x00000000eba80000)
  from space 32768K, 91% used [0x00000000eba80000,0x00000000ed7ba578,0x00000000eda80000)
  to   space 29184K, 0% used [0x00000000eda80000,0x00000000eda80000,0x00000000ef700000)
 ParOldGen       total 292864K, used 42535K [0x00000000a0000000, 0x00000000b1e00000, 0x00000000e0000000)
  object space 292864K, 14% used [0x00000000a0000000,0x00000000a2989e28,0x00000000b1e00000)
 Metaspace       used 69973K, capacity 72808K, committed 73048K, reserved 1112064K
  class space    used 9372K, capacity 10056K, committed 10112K, reserved 1048576K
Event: 19.119 GC heap after
Heap after GC invocations=19 (full 3):
 PSYoungGen      total 220160K, used 23552K [0x00000000e0000000, 0x00000000f1400000, 0x0000000100000000)
  eden space 190976K, 0% used [0x00000000e0000000,0x00000000e0000000,0x00000000eba80000)
  from space 29184K, 80% used [0x00000000eda80000,0x00000000ef180168,0x00000000ef700000)
  to   space 32768K, 0% used [0x00000000eba80000,0x00000000eba80000,0x00000000eda80000)
 ParOldGen       total 292864K, used 49059K [0x00000000a0000000, 0x00000000b1e00000, 0x00000000e0000000)
  object space 292864K, 16% used [0x00000000a0000000,0x00000000a2fe8ec8,0x00000000b1e00000)
 Metaspace       used 69973K, capacity 72808K, committed 73048K, reserved 1112064K
  class space    used 9372K, capacity 10056K, committed 10112K, reserved 1048576K
}
Event: 20.225 GC heap before
{Heap before GC invocations=20 (full 3):
 PSYoungGen      total 220160K, used 214513K [0x00000000e0000000, 0x00000000f1400000, 0x0000000100000000)
  eden space 190976K, 99% used [0x00000000e0000000,0x00000000eba7c4a0,0x00000000eba80000)
  from space 29184K, 80% used [0x00000000eda80000,0x00000000ef180168,0x00000000ef700000)
  to   space 32768K, 0% used [0x00000000eba80000,0x00000000eba80000,0x00000000eda80000)
 ParOldGen       total 292864K, used 49059K [0x00000000a0000000, 0x00000000b1e00000, 0x00000000e0000000)
  object space 292864K, 16% used [0x00000000a0000000,0x00000000a2fe8ec8,0x00000000b1e00000)
 Metaspace       used 71859K, capacity 74712K, committed 74968K, reserved 1114112K
  class space    used 9496K, capacity 10168K, committed 10240K, reserved 1048576K
Event: 20.254 GC heap after
Heap after GC invocations=20 (full 3):
 PSYoungGen      total 223744K, used 4882K [0x00000000e0000000, 0x00000000f1400000, 0x0000000100000000)
  eden space 190976K, 0% used [0x00000000e0000000,0x00000000e0000000,0x00000000eba80000)
  from space 32768K, 14% used [0x00000000eba80000,0x00000000ebf44950,0x00000000eda80000)
  to   space 29184K, 0% used [0x00000000eda80000,0x00000000eda80000,0x00000000ef700000)
 ParOldGen       total 292864K, used 61811K [0x00000000a0000000, 0x00000000b1e00000, 0x00000000e0000000)
  object space 292864K, 21% used [0x00000000a0000000,0x00000000a3c5cc68,0x00000000b1e00000)
 Metaspace       used 71859K, capacity 74712K, committed 74968K, reserved 1114112K
  class space    used 9496K, capacity 10168K, committed 10240K, reserved 1048576K
}
Event: 152.986 GC heap before
{Heap before GC invocations=21 (full 3):
 PSYoungGen      total 223744K, used 195858K [0x00000000e0000000, 0x00000000f1400000, 0x0000000100000000)
  eden space 190976K, 100% used [0x00000000e0000000,0x00000000eba80000,0x00000000eba80000)
  from space 32768K, 14% used [0x00000000eba80000,0x00000000ebf44950,0x00000000eda80000)
  to   space 29184K, 0% used [0x00000000eda80000,0x00000000eda80000,0x00000000ef700000)
 ParOldGen       total 292864K, used 61811K [0x00000000a0000000, 0x00000000b1e00000, 0x00000000e0000000)
  object space 292864K, 21% used [0x00000000a0000000,0x00000000a3c5cc68,0x00000000b1e00000)
 Metaspace       used 82806K, capacity 86140K, committed 86360K, reserved 1124352K
  class space    used 10813K, capacity 11539K, committed 11648K, reserved 1048576K
Event: 153.000 GC heap after
Heap after GC invocations=21 (full 3):
 PSYoungGen      total 220160K, used 22225K [0x00000000e0000000, 0x00000000f1400000, 0x0000000100000000)
  eden space 190976K, 0% used [0x00000000e0000000,0x00000000e0000000,0x00000000eba80000)
  from space 29184K, 76% used [0x00000000eda80000,0x00000000ef034768,0x00000000ef700000)
  to   space 32768K, 0% used [0x00000000eba80000,0x00000000eba80000,0x00000000eda80000)
 ParOldGen       total 292864K, used 64039K [0x00000000a0000000, 0x00000000b1e00000, 0x00000000e0000000)
  object space 292864K, 21% used [0x00000000a0000000,0x00000000a3e89ca8,0x00000000b1e00000)
 Metaspace       used 82806K, capacity 86140K, committed 86360K, reserved 1124352K
  class space    used 10813K, capacity 11539K, committed 11648K, reserved 1048576K
}

