# JRE version: OpenJDK Runtime Environment (8.0_152-b01) (build 1.8.0_152-release-1343-b01)
# Java VM: OpenJDK 64-Bit Server VM (25.152-b01 mixed mode windows-amd64 compressed oops)
Heap:
 PSYoungGen      total 293888K, used 37764K [0x00000000e0000000, 0x00000000f3b00000, 0x0000000100000000)
  eden space 268288K, 4% used [0x00000000e0000000,0x00000000e0be6d60,0x00000000f0600000)
  from space 25600K, 99% used [0x00000000f0600000,0x00000000f1efa5f0,0x00000000f1f00000)
  to   space 22528K, 0% used [0x00000000f1f00000,0x00000000f1f00000,0x00000000f3500000)
 ParOldGen       total 235008K, used 54528K [0x00000000a0000000, 0x00000000ae580000, 0x00000000e0000000)
  object space 235008K, 23% used [0x00000000a0000000,0x00000000a3540370,0x00000000ae580000)
 Metaspace       used 71612K, capacity 74448K, committed 74712K, reserved 1114112K
  class space    used 9306K, capacity 9876K, committed 9944K, reserved 1048576K
GC Heap History (10 events):
Event: 85.315 GC heap before
{Heap before GC invocations=10 (full 2):
 PSYoungGen      total 171520K, used 145672K [0x00000000e0000000, 0x00000000f0080000, 0x0000000100000000)
  eden space 157184K, 83% used [0x00000000e0000000,0x00000000e80444f0,0x00000000e9980000)
  from space 14336K, 99% used [0x00000000e9980000,0x00000000ea77dcb8,0x00000000ea780000)
  to   space 18432K, 0% used [0x00000000eee80000,0x00000000eee80000,0x00000000f0080000)
 ParOldGen       total 168448K, used 22760K [0x00000000a0000000, 0x00000000aa480000, 0x00000000e0000000)
  object space 168448K, 13% used [0x00000000a0000000,0x00000000a163a190,0x00000000aa480000)
 Metaspace       used 57284K, capacity 59028K, committed 59096K, reserved 1099776K
  class space    used 7453K, capacity 7840K, committed 7896K, reserved 1048576K
Event: 85.335 GC heap after
Heap after GC invocations=10 (full 2):
 PSYoungGen      total 233472K, used 18421K [0x00000000e0000000, 0x00000000f0080000, 0x0000000100000000)
  eden space 215040K, 0% used [0x00000000e0000000,0x00000000e0000000,0x00000000ed200000)
  from space 18432K, 99% used [0x00000000eee80000,0x00000000f007d5f8,0x00000000f0080000)
  to   space 20992K, 0% used [0x00000000ed780000,0x00000000ed780000,0x00000000eec00000)
 ParOldGen       total 168448K, used 23769K [0x00000000a0000000, 0x00000000aa480000, 0x00000000e0000000)
  object space 168448K, 14% used [0x00000000a0000000,0x00000000a1736520,0x00000000aa480000)
 Metaspace       used 57284K, capacity 59028K, committed 59096K, reserved 1099776K
  class space    used 7453K, capacity 7840K, committed 7896K, reserved 1048576K
}
Event: 85.335 GC heap before
{Heap before GC invocations=11 (full 3):
 PSYoungGen      total 233472K, used 18421K [0x00000000e0000000, 0x00000000f0080000, 0x0000000100000000)
  eden space 215040K, 0% used [0x00000000e0000000,0x00000000e0000000,0x00000000ed200000)
  from space 18432K, 99% used [0x00000000eee80000,0x00000000f007d5f8,0x00000000f0080000)
  to   space 20992K, 0% used [0x00000000ed780000,0x00000000ed780000,0x00000000eec00000)
 ParOldGen       total 168448K, used 23769K [0x00000000a0000000, 0x00000000aa480000, 0x00000000e0000000)
  object space 168448K, 14% used [0x00000000a0000000,0x00000000a1736520,0x00000000aa480000)
 Metaspace       used 57284K, capacity 59028K, committed 59096K, reserved 1099776K
  class space    used 7453K, capacity 7840K, committed 7896K, reserved 1048576K
Event: 85.464 GC heap after
Heap after GC invocations=11 (full 3):
 PSYoungGen      total 233472K, used 0K [0x00000000e0000000, 0x00000000f0080000, 0x0000000100000000)
  eden space 215040K, 0% used [0x00000000e0000000,0x00000000e0000000,0x00000000ed200000)
  from space 18432K, 0% used [0x00000000eee80000,0x00000000eee80000,0x00000000f0080000)
  to   space 20992K, 0% used [0x00000000ed780000,0x00000000ed780000,0x00000000eec00000)
 ParOldGen       total 235008K, used 33936K [0x00000000a0000000, 0x00000000ae580000, 0x00000000e0000000)
  object space 235008K, 14% used [0x00000000a0000000,0x00000000a2124068,0x00000000ae580000)
 Metaspace       used 57284K, capacity 59028K, committed 59096K, reserved 1099776K
  class space    used 7453K, capacity 7840K, committed 7896K, reserved 1048576K
}
Event: 88.712 GC heap before
{Heap before GC invocations=12 (full 3):
 PSYoungGen      total 233472K, used 215040K [0x00000000e0000000, 0x00000000f0080000, 0x0000000100000000)
  eden space 215040K, 100% used [0x00000000e0000000,0x00000000ed200000,0x00000000ed200000)
  from space 18432K, 0% used [0x00000000eee80000,0x00000000eee80000,0x00000000f0080000)
  to   space 20992K, 0% used [0x00000000ed780000,0x00000000ed780000,0x00000000eec00000)
 ParOldGen       total 235008K, used 33936K [0x00000000a0000000, 0x00000000ae580000, 0x00000000e0000000)
  object space 235008K, 14% used [0x00000000a0000000,0x00000000a2124068,0x00000000ae580000)
 Metaspace       used 66305K, capacity 68610K, committed 68696K, reserved 1107968K
  class space    used 8746K, capacity 9247K, committed 9304K, reserved 1048576K
Event: 88.734 GC heap after
Heap after GC invocations=12 (full 3):
 PSYoungGen      total 241664K, used 17732K [0x00000000e0000000, 0x00000000f3500000, 0x0000000100000000)
  eden space 220672K, 0% used [0x00000000e0000000,0x00000000e0000000,0x00000000ed780000)
  from space 20992K, 84% used [0x00000000ed780000,0x00000000ee8d1218,0x00000000eec00000)
  to   space 22528K, 0% used [0x00000000f1f00000,0x00000000f1f00000,0x00000000f3500000)
 ParOldGen       total 235008K, used 33944K [0x00000000a0000000, 0x00000000ae580000, 0x00000000e0000000)
  object space 235008K, 14% used [0x00000000a0000000,0x00000000a2126068,0x00000000ae580000)
 Metaspace       used 66305K, capacity 68610K, committed 68696K, reserved 1107968K
  class space    used 8746K, capacity 9247K, committed 9304K, reserved 1048576K
}
Event: 102.143 GC heap before
{Heap before GC invocations=13 (full 3):
 PSYoungGen      total 241664K, used 238404K [0x00000000e0000000, 0x00000000f3500000, 0x0000000100000000)
  eden space 220672K, 100% used [0x00000000e0000000,0x00000000ed780000,0x00000000ed780000)
  from space 20992K, 84% used [0x00000000ed780000,0x00000000ee8d1218,0x00000000eec00000)
  to   space 22528K, 0% used [0x00000000f1f00000,0x00000000f1f00000,0x00000000f3500000)
 ParOldGen       total 235008K, used 33944K [0x00000000a0000000, 0x00000000ae580000, 0x00000000e0000000)
  object space 235008K, 14% used [0x00000000a0000000,0x00000000a2126068,0x00000000ae580000)
 Metaspace       used 69833K, capacity 72634K, committed 72792K, reserved 1112064K
  class space    used 9160K, capacity 9733K, committed 9816K, reserved 1048576K
Event: 102.169 GC heap after
Heap after GC invocations=13 (full 3):
 PSYoungGen      total 290816K, used 22513K [0x00000000e0000000, 0x00000000f3b00000, 0x0000000100000000)
  eden space 268288K, 0% used [0x00000000e0000000,0x00000000e0000000,0x00000000f0600000)
  from space 22528K, 99% used [0x00000000f1f00000,0x00000000f34fc4c8,0x00000000f3500000)
  to   space 25600K, 0% used [0x00000000f0600000,0x00000000f0600000,0x00000000f1f00000)
 ParOldGen       total 235008K, used 34696K [0x00000000a0000000, 0x00000000ae580000, 0x00000000e0000000)
  object space 235008K, 14% used [0x00000000a0000000,0x00000000a21e2220,0x00000000ae580000)
 Metaspace       used 69833K, capacity 72634K, committed 72792K, reserved 1112064K
  class space    used 9160K, capacity 9733K, committed 9816K, reserved 1048576K
}
Event: 108.984 GC heap before
{Heap before GC invocations=14 (full 3):
 PSYoungGen      total 290816K, used 290801K [0x00000000e0000000, 0x00000000f3b00000, 0x0000000100000000)
  eden space 268288K, 100% used [0x00000000e0000000,0x00000000f0600000,0x00000000f0600000)
  from space 22528K, 99% used [0x00000000f1f00000,0x00000000f34fc4c8,0x00000000f3500000)
  to   space 25600K, 0% used [0x00000000f0600000,0x00000000f0600000,0x00000000f1f00000)
 ParOldGen       total 235008K, used 34696K [0x00000000a0000000, 0x00000000ae580000, 0x00000000e0000000)
  object space 235008K, 14% used [0x00000000a0000000,0x00000000a21e2220,0x00000000ae580000)
 Metaspace       used 71560K, capacity 74378K, committed 74712K, reserved 1114112K
  class space    used 9301K, capacity 9875K, committed 9944K, reserved 1048576K
Event: 109.031 GC heap after
Heap after GC invocations=14 (full 3):
 PSYoungGen      total 293888K, used 25577K [0x00000000e0000000, 0x00000000f3b00000, 0x0000000100000000)
  eden space 268288K, 0% used [0x00000000e0000000,0x00000000e0000000,0x00000000f0600000)
  from space 25600K, 99% used [0x00000000f0600000,0x00000000f1efa5f0,0x00000000f1f00000)
  to   space 22528K, 0% used [0x00000000f1f00000,0x00000000f1f00000,0x00000000f3500000)
 ParOldGen       total 235008K, used 54528K [0x00000000a0000000, 0x00000000ae580000, 0x00000000e0000000)
  object space 235008K, 23% used [0x00000000a0000000,0x00000000a3540370,0x00000000ae580000)
 Metaspace       used 71560K, capacity 74378K, committed 74712K, reserved 1114112K
  class space    used 9301K, capacity 9875K, committed 9944K, reserved 1048576K
}

