# JRE version: OpenJDK Runtime Environment (8.0_152-b01) (build 1.8.0_152-release-1343-b01)
# Java VM: OpenJDK 64-Bit Server VM (25.152-b01 mixed mode windows-amd64 compressed oops)
Heap:
 PSYoungGen      total 236544K, used 25937K [0x00000000e0000000, 0x00000000f0080000, 0x0000000100000000)
  eden space 218112K, 11% used [0x00000000e0000000,0x00000000e1954468,0x00000000ed500000)
  from space 18432K, 0% used [0x00000000ee980000,0x00000000ee980000,0x00000000efb80000)
  to   space 20992K, 0% used [0x00000000ed500000,0x00000000ed500000,0x00000000ee980000)
 ParOldGen       total 168448K, used 35441K [0x00000000a0000000, 0x00000000aa480000, 0x00000000e0000000)
  object space 168448K, 21% used [0x00000000a0000000,0x00000000a229c780,0x00000000aa480000)
 Metaspace       used 58504K, capacity 60234K, committed 60440K, reserved 1101824K
  class space    used 7937K, capacity 8352K, committed 8472K, reserved 1048576K
GC Heap History (10 events):
Event: 5.232 GC heap before
{Heap before GC invocations=7 (full 1):
 PSYoungGen      total 138752K, used 37794K [0x00000000e0000000, 0x00000000eb000000, 0x0000000100000000)
  eden space 128000K, 21% used [0x00000000e0000000,0x00000000e1a6d848,0x00000000e7d00000)
  from space 10752K, 99% used [0x00000000e7d00000,0x00000000e877b0c0,0x00000000e8780000)
  to   space 14848K, 0% used [0x00000000ea180000,0x00000000ea180000,0x00000000eb000000)
 ParOldGen       total 110592K, used 13125K [0x00000000a0000000, 0x00000000a6c00000, 0x00000000e0000000)
  object space 110592K, 11% used [0x00000000a0000000,0x00000000a0cd15e0,0x00000000a6c00000)
 Metaspace       used 34555K, capacity 35408K, committed 35496K, reserved 1079296K
  class space    used 4754K, capacity 4993K, committed 5032K, reserved 1048576K
Event: 5.248 GC heap after
Heap after GC invocations=7 (full 1):
 PSYoungGen      total 165888K, used 10144K [0x00000000e0000000, 0x00000000eed00000, 0x0000000100000000)
  eden space 151040K, 0% used [0x00000000e0000000,0x00000000e0000000,0x00000000e9380000)
  from space 14848K, 68% used [0x00000000ea180000,0x00000000eab68268,0x00000000eb000000)
  to   space 14336K, 0% used [0x00000000e9380000,0x00000000e9380000,0x00000000ea180000)
 ParOldGen       total 110592K, used 13133K [0x00000000a0000000, 0x00000000a6c00000, 0x00000000e0000000)
  object space 110592K, 11% used [0x00000000a0000000,0x00000000a0cd35e0,0x00000000a6c00000)
 Metaspace       used 34555K, capacity 35408K, committed 35496K, reserved 1079296K
  class space    used 4754K, capacity 4993K, committed 5032K, reserved 1048576K
}
Event: 5.248 GC heap before
{Heap before GC invocations=8 (full 2):
 PSYoungGen      total 165888K, used 10144K [0x00000000e0000000, 0x00000000eed00000, 0x0000000100000000)
  eden space 151040K, 0% used [0x00000000e0000000,0x00000000e0000000,0x00000000e9380000)
  from space 14848K, 68% used [0x00000000ea180000,0x00000000eab68268,0x00000000eb000000)
  to   space 14336K, 0% used [0x00000000e9380000,0x00000000e9380000,0x00000000ea180000)
 ParOldGen       total 110592K, used 13133K [0x00000000a0000000, 0x00000000a6c00000, 0x00000000e0000000)
  object space 110592K, 11% used [0x00000000a0000000,0x00000000a0cd35e0,0x00000000a6c00000)
 Metaspace       used 34555K, capacity 35408K, committed 35496K, reserved 1079296K
  class space    used 4754K, capacity 4993K, committed 5032K, reserved 1048576K
Event: 5.311 GC heap after
Heap after GC invocations=8 (full 2):
 PSYoungGen      total 165888K, used 0K [0x00000000e0000000, 0x00000000eed00000, 0x0000000100000000)
  eden space 151040K, 0% used [0x00000000e0000000,0x00000000e0000000,0x00000000e9380000)
  from space 14848K, 0% used [0x00000000ea180000,0x00000000ea180000,0x00000000eb000000)
  to   space 14336K, 0% used [0x00000000e9380000,0x00000000e9380000,0x00000000ea180000)
 ParOldGen       total 168448K, used 18336K [0x00000000a0000000, 0x00000000aa480000, 0x00000000e0000000)
  object space 168448K, 10% used [0x00000000a0000000,0x00000000a11e81a8,0x00000000aa480000)
 Metaspace       used 34551K, capacity 35396K, committed 35496K, reserved 1079296K
  class space    used 4753K, capacity 4991K, committed 5032K, reserved 1048576K
}
Event: 6.914 GC heap before
{Heap before GC invocations=9 (full 2):
 PSYoungGen      total 165888K, used 151040K [0x00000000e0000000, 0x00000000eed00000, 0x0000000100000000)
  eden space 151040K, 100% used [0x00000000e0000000,0x00000000e9380000,0x00000000e9380000)
  from space 14848K, 0% used [0x00000000ea180000,0x00000000ea180000,0x00000000eb000000)
  to   space 14336K, 0% used [0x00000000e9380000,0x00000000e9380000,0x00000000ea180000)
 ParOldGen       total 168448K, used 18336K [0x00000000a0000000, 0x00000000aa480000, 0x00000000e0000000)
  object space 168448K, 10% used [0x00000000a0000000,0x00000000a11e81a8,0x00000000aa480000)
 Metaspace       used 50472K, capacity 51702K, committed 51880K, reserved 1093632K
  class space    used 6783K, capacity 7078K, committed 7080K, reserved 1048576K
Event: 6.930 GC heap after
Heap after GC invocations=9 (full 2):
 PSYoungGen      total 165376K, used 14328K [0x00000000e0000000, 0x00000000efb80000, 0x0000000100000000)
  eden space 151040K, 0% used [0x00000000e0000000,0x00000000e0000000,0x00000000e9380000)
  from space 14336K, 99% used [0x00000000e9380000,0x00000000ea17e0f8,0x00000000ea180000)
  to   space 18432K, 0% used [0x00000000ee980000,0x00000000ee980000,0x00000000efb80000)
 ParOldGen       total 168448K, used 22979K [0x00000000a0000000, 0x00000000aa480000, 0x00000000e0000000)
  object space 168448K, 13% used [0x00000000a0000000,0x00000000a1670e38,0x00000000aa480000)
 Metaspace       used 50472K, capacity 51702K, committed 51880K, reserved 1093632K
  class space    used 6783K, capacity 7078K, committed 7080K, reserved 1048576K
}
Event: 7.840 GC heap before
{Heap before GC invocations=10 (full 2):
 PSYoungGen      total 165376K, used 123035K [0x00000000e0000000, 0x00000000efb80000, 0x0000000100000000)
  eden space 151040K, 71% used [0x00000000e0000000,0x00000000e6a28cf8,0x00000000e9380000)
  from space 14336K, 99% used [0x00000000e9380000,0x00000000ea17e0f8,0x00000000ea180000)
  to   space 18432K, 0% used [0x00000000ee980000,0x00000000ee980000,0x00000000efb80000)
 ParOldGen       total 168448K, used 22979K [0x00000000a0000000, 0x00000000aa480000, 0x00000000e0000000)
  object space 168448K, 13% used [0x00000000a0000000,0x00000000a1670e38,0x00000000aa480000)
 Metaspace       used 57322K, capacity 59042K, committed 59160K, reserved 1099776K
  class space    used 7725K, capacity 8132K, committed 8216K, reserved 1048576K
Event: 7.856 GC heap after
Heap after GC invocations=10 (full 2):
 PSYoungGen      total 236544K, used 18425K [0x00000000e0000000, 0x00000000f0080000, 0x0000000100000000)
  eden space 218112K, 0% used [0x00000000e0000000,0x00000000e0000000,0x00000000ed500000)
  from space 18432K, 99% used [0x00000000ee980000,0x00000000efb7e6a8,0x00000000efb80000)
  to   space 20992K, 0% used [0x00000000ed500000,0x00000000ed500000,0x00000000ee980000)
 ParOldGen       total 168448K, used 24136K [0x00000000a0000000, 0x00000000aa480000, 0x00000000e0000000)
  object space 168448K, 14% used [0x00000000a0000000,0x00000000a1792058,0x00000000aa480000)
 Metaspace       used 57322K, capacity 59042K, committed 59160K, reserved 1099776K
  class space    used 7725K, capacity 8132K, committed 8216K, reserved 1048576K
}
Event: 7.856 GC heap before
{Heap before GC invocations=11 (full 3):
 PSYoungGen      total 236544K, used 18425K [0x00000000e0000000, 0x00000000f0080000, 0x0000000100000000)
  eden space 218112K, 0% used [0x00000000e0000000,0x00000000e0000000,0x00000000ed500000)
  from space 18432K, 99% used [0x00000000ee980000,0x00000000efb7e6a8,0x00000000efb80000)
  to   space 20992K, 0% used [0x00000000ed500000,0x00000000ed500000,0x00000000ee980000)
 ParOldGen       total 168448K, used 24136K [0x00000000a0000000, 0x00000000aa480000, 0x00000000e0000000)
  object space 168448K, 14% used [0x00000000a0000000,0x00000000a1792058,0x00000000aa480000)
 Metaspace       used 57322K, capacity 59042K, committed 59160K, reserved 1099776K
  class space    used 7725K, capacity 8132K, committed 8216K, reserved 1048576K
Event: 8.002 GC heap after
Heap after GC invocations=11 (full 3):
 PSYoungGen      total 236544K, used 0K [0x00000000e0000000, 0x00000000f0080000, 0x0000000100000000)
  eden space 218112K, 0% used [0x00000000e0000000,0x00000000e0000000,0x00000000ed500000)
  from space 18432K, 0% used [0x00000000ee980000,0x00000000ee980000,0x00000000efb80000)
  to   space 20992K, 0% used [0x00000000ed500000,0x00000000ed500000,0x00000000ee980000)
 ParOldGen       total 168448K, used 35441K [0x00000000a0000000, 0x00000000aa480000, 0x00000000e0000000)
  object space 168448K, 21% used [0x00000000a0000000,0x00000000a229c780,0x00000000aa480000)
 Metaspace       used 57322K, capacity 59042K, committed 59160K, reserved 1099776K
  class space    used 7725K, capacity 8132K, committed 8216K, reserved 1048576K
}

